                                      1 ;--------------------------------------------------------
                                      2 ; File Created by SDCC : free open source ANSI-C Compiler
                                      3 ; Version 4.0.0 #11528 (MINGW64)
                                      4 ;--------------------------------------------------------
                                      5 	.module main
                                      6 	.optsdcc -mstm8
                                      7 	
                                      8 ;--------------------------------------------------------
                                      9 ; Public variables in this module
                                     10 ;--------------------------------------------------------
                                     11 	.globl _main
                                     12 	.globl _GPIO_WriteReverse
                                     13 	.globl _GPIO_WriteHigh
                                     14 	.globl _GPIO_Init
                                     15 ;--------------------------------------------------------
                                     16 ; ram data
                                     17 ;--------------------------------------------------------
                                     18 	.area DATA
                                     19 ;--------------------------------------------------------
                                     20 ; ram data
                                     21 ;--------------------------------------------------------
                                     22 	.area INITIALIZED
                                     23 ;--------------------------------------------------------
                                     24 ; Stack segment in internal ram 
                                     25 ;--------------------------------------------------------
                                     26 	.area	SSEG
      000000                         27 __start__stack:
      000000                         28 	.ds	1
                                     29 
                                     30 ;--------------------------------------------------------
                                     31 ; absolute external ram data
                                     32 ;--------------------------------------------------------
                                     33 	.area DABS (ABS)
                                     34 
                                     35 ; default segment ordering for linker
                                     36 	.area HOME
                                     37 	.area GSINIT
                                     38 	.area GSFINAL
                                     39 	.area CONST
                                     40 	.area INITIALIZER
                                     41 	.area CODE
                                     42 
                                     43 ;--------------------------------------------------------
                                     44 ; interrupt vector 
                                     45 ;--------------------------------------------------------
                                     46 	.area HOME
      000000                         47 __interrupt_vect:
      000000 82v00u00u00             48 	int s_GSINIT ; reset
                                     49 ;--------------------------------------------------------
                                     50 ; global & static initialisations
                                     51 ;--------------------------------------------------------
                                     52 	.area HOME
                                     53 	.area GSINIT
                                     54 	.area GSFINAL
                                     55 	.area GSINIT
      000000                         56 __sdcc_gs_init_startup:
      000000                         57 __sdcc_init_data:
                                     58 ; stm8_genXINIT() start
      000000 AEr00r00         [ 2]   59 	ldw x, #l_DATA
      000003 27 07            [ 1]   60 	jreq	00002$
      000005                         61 00001$:
      000005 72 4FuFFuFF      [ 1]   62 	clr (s_DATA - 1, x)
      000009 5A               [ 2]   63 	decw x
      00000A 26 F9            [ 1]   64 	jrne	00001$
      00000C                         65 00002$:
      00000C AEr00r00         [ 2]   66 	ldw	x, #l_INITIALIZER
      00000F 27 09            [ 1]   67 	jreq	00004$
      000011                         68 00003$:
      000011 D6uFFuFF         [ 1]   69 	ld	a, (s_INITIALIZER - 1, x)
      000014 D7uFFuFF         [ 1]   70 	ld	(s_INITIALIZED - 1, x), a
      000017 5A               [ 2]   71 	decw	x
      000018 26 F7            [ 1]   72 	jrne	00003$
      00001A                         73 00004$:
                                     74 ; stm8_genXINIT() end
                                     75 	.area GSFINAL
      000000 CCr00r04         [ 2]   76 	jp	__sdcc_program_startup
                                     77 ;--------------------------------------------------------
                                     78 ; Home
                                     79 ;--------------------------------------------------------
                                     80 	.area HOME
                                     81 	.area HOME
      000004                         82 __sdcc_program_startup:
      000004 CCr00r00         [ 2]   83 	jp	_main
                                     84 ;	return from main will return to caller
                                     85 ;--------------------------------------------------------
                                     86 ; code
                                     87 ;--------------------------------------------------------
                                     88 	.area CODE
                                     89 ;	source/USER/main.c: 103: void main()
                                     90 ;	-----------------------------------------
                                     91 ;	 function main
                                     92 ;	-----------------------------------------
      000000                         93 _main:
                                     94 ;	source/USER/main.c: 117: GPIO_Init(GPIOB,GPIO_PIN_5,GPIO_MODE_OUT_PP_LOW_FAST);
      000000 4B E0            [ 1]   95 	push	#0xe0
      000002 4B 20            [ 1]   96 	push	#0x20
      000004 4B 05            [ 1]   97 	push	#0x05
      000006 4B 50            [ 1]   98 	push	#0x50
      000008 CDr00r00         [ 4]   99 	call	_GPIO_Init
      00000B 5B 04            [ 2]  100 	addw	sp, #4
                                    101 ;	source/USER/main.c: 118: GPIO_WriteHigh(GPIOB,GPIO_PIN_5);
      00000D 4B 20            [ 1]  102 	push	#0x20
      00000F 4B 05            [ 1]  103 	push	#0x05
      000011 4B 50            [ 1]  104 	push	#0x50
      000013 CDr00r00         [ 4]  105 	call	_GPIO_WriteHigh
      000016 5B 03            [ 2]  106 	addw	sp, #3
                                    107 ;	source/USER/main.c: 120: while(1)
      000018                        108 00104$:
                                    109 ;	source/USER/main.c: 122: GPIO_WriteReverse(GPIOB,GPIO_PIN_5);
      000018 4B 20            [ 1]  110 	push	#0x20
      00001A 4B 05            [ 1]  111 	push	#0x05
      00001C 4B 50            [ 1]  112 	push	#0x50
      00001E CDr00r00         [ 4]  113 	call	_GPIO_WriteReverse
      000021 5B 03            [ 2]  114 	addw	sp, #3
                                    115 ;	source/USER/main.c: 123: for(char i=0;i<200;i++)
      000023 5F               [ 1]  116 	clrw	x
      000024                        117 00110$:
      000024 9F               [ 1]  118 	ld	a, xl
      000025 A1 C8            [ 1]  119 	cp	a, #0xc8
      000027 24 EF            [ 1]  120 	jrnc	00104$
                                    121 ;	source/USER/main.c: 125: for(char j=0;j<200;j++);
      000029 4F               [ 1]  122 	clr	a
      00002A                        123 00107$:
      00002A A1 C8            [ 1]  124 	cp	a, #0xc8
      00002C 24 03            [ 1]  125 	jrnc	00111$
      00002E 4C               [ 1]  126 	inc	a
      00002F 20 F9            [ 2]  127 	jra	00107$
      000031                        128 00111$:
                                    129 ;	source/USER/main.c: 123: for(char i=0;i<200;i++)
      000031 5C               [ 1]  130 	incw	x
      000032 20 F0            [ 2]  131 	jra	00110$
                                    132 ;	source/USER/main.c: 129: }
      000034 81               [ 4]  133 	ret
                                    134 	.area CODE
                                    135 	.area CONST
                                    136 	.area INITIALIZER
                                    137 	.area CABS (ABS)
